#! /usr/bin/vvp
:ivl_version "10.2 (stable)" "(v10_2)";
:ivl_delay_selection "TYPICAL";
:vpi_time_precision + 0;
:vpi_module "system";
:vpi_module "vhdl_sys";
:vpi_module "v2005_math";
:vpi_module "va_math";
S_0x5569be956110 .scope module, "SignExtender" "SignExtender" 2 1;
 .timescale 0 0;
    .port_info 0 /INPUT 12 "in"
    .port_info 1 /OUTPUT 32 "out"
v0x5569be9562b0_0 .net *"_s1", 0 0, L_0x5569be9aec10;  1 drivers
v0x5569be9ae3a0_0 .net *"_s11", 5 0, L_0x5569be9befb0;  1 drivers
v0x5569be9ae480_0 .net *"_s13", 3 0, L_0x5569be9bf080;  1 drivers
L_0x7fb1a2f0e0a8 .functor BUFT 1, C4<0>, C4<0>, C4<0>, C4<0>;
v0x5569be9ae540_0 .net/2u *"_s14", 0 0, L_0x7fb1a2f0e0a8;  1 drivers
L_0x7fb1a2f0e018 .functor BUFT 1, C4<11111111111111111111>, C4<0>, C4<0>, C4<0>;
v0x5569be9ae620_0 .net/2u *"_s2", 19 0, L_0x7fb1a2f0e018;  1 drivers
L_0x7fb1a2f0e060 .functor BUFT 1, C4<00000000000000000000>, C4<0>, C4<0>, C4<0>;
v0x5569be9ae750_0 .net/2u *"_s4", 19 0, L_0x7fb1a2f0e060;  1 drivers
v0x5569be9ae830_0 .net *"_s6", 19 0, L_0x5569be9bed50;  1 drivers
v0x5569be9ae910_0 .net *"_s9", 0 0, L_0x5569be9beec0;  1 drivers
o0x7fb1a2f57198 .functor BUFZ 12, C4<zzzzzzzzzzzz>; HiZ drive
v0x5569be9ae9f0_0 .net "in", 11 0, o0x7fb1a2f57198;  0 drivers
v0x5569be9aead0_0 .net "out", 31 0, L_0x5569be9bf1e0;  1 drivers
L_0x5569be9aec10 .part o0x7fb1a2f57198, 11, 1;
L_0x5569be9bed50 .functor MUXZ 20, L_0x7fb1a2f0e060, L_0x7fb1a2f0e018, L_0x5569be9aec10, C4<>;
L_0x5569be9beec0 .part o0x7fb1a2f57198, 0, 1;
L_0x5569be9befb0 .part o0x7fb1a2f57198, 5, 6;
L_0x5569be9bf080 .part o0x7fb1a2f57198, 1, 4;
LS_0x5569be9bf1e0_0_0 .concat [ 1 4 6 1], L_0x7fb1a2f0e0a8, L_0x5569be9bf080, L_0x5569be9befb0, L_0x5569be9beec0;
LS_0x5569be9bf1e0_0_4 .concat [ 20 0 0 0], L_0x5569be9bed50;
L_0x5569be9bf1e0 .concat [ 12 20 0 0], LS_0x5569be9bf1e0_0_0, LS_0x5569be9bf1e0_0_4;
# The file index is used to find the file name in the following table.
:file_names 3;
    "N/A";
    "<interactive>";
    "SignExtender_bnc.v";
